Arguments: 
  /Users/rasmus/.config/nvm/11.10.0/bin/node /Users/rasmus/.config/nvm/11.10.0/bin/yarn add hbs mz to_snake-case

PATH: 
  /usr/local/bin:/usr/bin:/bin:/usr/sbin:/sbin:/Users/rasmus/Development/flutter/bin:/Users/rasmus/.pub-cache/bin:/Users/rasmus/Development/Go/bin:/Users/rasmus/.cargo/bin:/Users/rasmus/.config/nvm/11.10.0/bin

Yarn version: 
  1.13.0

Node version: 
  11.10.0

Platform: 
  darwin x64

Trace: 
  Error: https://registry.yarnpkg.com/to_snake-case: Not found
      at Request.params.callback [as _callback] (/Users/rasmus/.config/nvm/11.10.0/lib/node_modules/yarn/lib/cli.js:66255:18)
      at Request.self.callback (/Users/rasmus/.config/nvm/11.10.0/lib/node_modules/yarn/lib/cli.js:129397:22)
      at Request.emit (events.js:197:13)
      at Request.<anonymous> (/Users/rasmus/.config/nvm/11.10.0/lib/node_modules/yarn/lib/cli.js:130369:10)
      at Request.emit (events.js:197:13)
      at IncomingMessage.<anonymous> (/Users/rasmus/.config/nvm/11.10.0/lib/node_modules/yarn/lib/cli.js:130291:12)
      at Object.onceWrapper (events.js:285:13)
      at IncomingMessage.emit (events.js:202:15)
      at endReadableNT (_stream_readable.js:1129:12)
      at processTicksAndRejections (internal/process/next_tick.js:76:17)

npm manifest: 
  {
    "name": "tools2",
    "version": "1.0.0",
    "description": "",
    "main": "index.js",
    "scripts": {
      "test": "echo \"Error: no test specified\" && exit 1"
    },
    "author": "",
    "license": "ISC"
  }

yarn manifest: 
  No manifest

Lockfile: 
  No lockfile
